library/UMLibrary/build/outputs/logs/manifest-merger-debug-report.txt
-- Merging decision tree log ---
manifest
ADDED from library\UMLibrary\AndroidManifest.xml:2:1-166:12
INJECTED from library\UMLibrary\AndroidManifest.xml:2:1-166:12
INJECTED from library\UMLibrary\AndroidManifest.xml:2:1-166:12
INJECTED from library\UMLibrary\AndroidManifest.xml:2:1-166:12
INJECTED from library\UMLibrary\AndroidManifest.xml:2:1-166:12
INJECTED from library\UMLibrary\AndroidManifest.xml:2:1-166:12
INJECTED from library\UMLibrary\AndroidManifest.xml:2:1-166:12
	package
		ADDED from library\UMLibrary\AndroidManifest.xml:3:11-42
		INJECTED from library\UMLibrary\AndroidManifest.xml
		INJECTED from library\UMLibrary\AndroidManifest.xml
	android:versionName
		ADDED from library\UMLibrary\AndroidManifest.xml:5:11-36
		INJECTED from library\UMLibrary\AndroidManifest.xml
		INJECTED from library\UMLibrary\AndroidManifest.xml
	xmlns:android
		ADDED from library\UMLibrary\AndroidManifest.xml:2:11-69
	android:versionCode
		ADDED from library\UMLibrary\AndroidManifest.xml:4:11-34
		INJECTED from library\UMLibrary\AndroidManifest.xml
		INJECTED from library\UMLibrary\AndroidManifest.xml
uses-permission#android.permission.INTERNET
ADDED from library\UMLibrary\AndroidManifest.xml:10:5-67
	android:name
		ADDED from library\UMLibrary\AndroidManifest.xml:10:22-64
uses-permission#android.permission.ACCESS_NETWORK_STATE
ADDED from library\UMLibrary\AndroidManifest.xml:11:5-79
	android:name
		ADDED from library\UMLibrary\AndroidManifest.xml:11:22-76
uses-permission#android.permission.ACCESS_WIFI_STATE
ADDED from library\UMLibrary\AndroidManifest.xml:12:5-76
	android:name
		ADDED from library\UMLibrary\AndroidManifest.xml:12:22-73
uses-permission#android.permission.WRITE_EXTERNAL_STORAGE
ADDED from library\UMLibrary\AndroidManifest.xml:13:5-81
	android:name
		ADDED from library\UMLibrary\AndroidManifest.xml:13:22-78
uses-permission#android.permission.WAKE_LOCK
ADDED from library\UMLibrary\AndroidManifest.xml:14:5-68
	android:name
		ADDED from library\UMLibrary\AndroidManifest.xml:14:22-65
uses-permission#android.permission.READ_PHONE_STATE
ADDED from library\UMLibrary\AndroidManifest.xml:15:5-75
	android:name
		ADDED from library\UMLibrary\AndroidManifest.xml:15:22-72
uses-permission#android.permission.BROADCAST_PACKAGE_ADDED
ADDED from library\UMLibrary\AndroidManifest.xml:16:5-82
	android:name
		ADDED from library\UMLibrary\AndroidManifest.xml:16:22-79
uses-permission#android.permission.BROADCAST_PACKAGE_CHANGED
ADDED from library\UMLibrary\AndroidManifest.xml:17:5-84
	android:name
		ADDED from library\UMLibrary\AndroidManifest.xml:17:22-81
uses-permission#android.permission.BROADCAST_PACKAGE_INSTALL
ADDED from library\UMLibrary\AndroidManifest.xml:18:5-84
	android:name
		ADDED from library\UMLibrary\AndroidManifest.xml:18:22-81
uses-permission#android.permission.BROADCAST_PACKAGE_REPLACED
ADDED from library\UMLibrary\AndroidManifest.xml:19:5-85
	android:name
		ADDED from library\UMLibrary\AndroidManifest.xml:19:22-82
uses-permission#android.permission.RESTART_PACKAGES
ADDED from library\UMLibrary\AndroidManifest.xml:20:5-75
	android:name
		ADDED from library\UMLibrary\AndroidManifest.xml:20:22-72
uses-permission#android.permission.GET_TASKS
ADDED from library\UMLibrary\AndroidManifest.xml:21:5-68
	android:name
		ADDED from library\UMLibrary\AndroidManifest.xml:21:22-65
uses-permission#android.permission.RECEIVE_BOOT_COMPLETED
ADDED from library\UMLibrary\AndroidManifest.xml:22:5-81
	android:name
		ADDED from library\UMLibrary\AndroidManifest.xml:22:22-78
uses-permission#android.permission.CHANGE_NETWORK_STATE
ADDED from library\UMLibrary\AndroidManifest.xml:23:5-79
	android:name
		ADDED from library\UMLibrary\AndroidManifest.xml:23:22-76
uses-permission#android.permission.CHANGE_WIFI_STATE
ADDED from library\UMLibrary\AndroidManifest.xml:24:5-76
	android:name
		ADDED from library\UMLibrary\AndroidManifest.xml:24:22-73
application
ADDED from library\UMLibrary\AndroidManifest.xml:26:5-164:19
service#com.taobao.accs.ChannelService
ADDED from library\UMLibrary\AndroidManifest.xml:28:9-38:19
	android:process
		ADDED from library\UMLibrary\AndroidManifest.xml:31:13-39
	android:exported
		ADDED from library\UMLibrary\AndroidManifest.xml:30:13-36
	android:name
		ADDED from library\UMLibrary\AndroidManifest.xml:29:13-58
intent-filter#com.taobao.accs.intent.action.SERVICE
ADDED from library\UMLibrary\AndroidManifest.xml:32:13-34:29
action#com.taobao.accs.intent.action.SERVICE
ADDED from library\UMLibrary\AndroidManifest.xml:33:17-80
	android:name
		ADDED from library\UMLibrary\AndroidManifest.xml:33:25-77
intent-filter#com.taobao.accs.intent.action.ELECTION
ADDED from library\UMLibrary\AndroidManifest.xml:35:13-37:29
action#com.taobao.accs.intent.action.ELECTION
ADDED from library\UMLibrary\AndroidManifest.xml:36:17-81
	android:name
		ADDED from library\UMLibrary\AndroidManifest.xml:36:25-78
service#com.taobao.accs.data.MsgDistributeService
ADDED from library\UMLibrary\AndroidManifest.xml:40:9-46:19
	android:exported
		ADDED from library\UMLibrary\AndroidManifest.xml:42:13-36
	android:name
		ADDED from library\UMLibrary\AndroidManifest.xml:41:13-69
intent-filter#com.taobao.accs.intent.action.RECEIVE
ADDED from library\UMLibrary\AndroidManifest.xml:43:13-45:29
action#com.taobao.accs.intent.action.RECEIVE
ADDED from library\UMLibrary\AndroidManifest.xml:44:17-80
	android:name
		ADDED from library\UMLibrary\AndroidManifest.xml:44:25-77
receiver#com.taobao.accs.EventReceiver
ADDED from library\UMLibrary\AndroidManifest.xml:48:9-64:20
	android:process
		ADDED from library\UMLibrary\AndroidManifest.xml:50:13-39
	android:name
		ADDED from library\UMLibrary\AndroidManifest.xml:49:13-57
intent-filter#android.intent.action.BOOT_COMPLETED
ADDED from library\UMLibrary\AndroidManifest.xml:51:13-53:29
action#android.intent.action.BOOT_COMPLETED
ADDED from library\UMLibrary\AndroidManifest.xml:52:17-79
	android:name
		ADDED from library\UMLibrary\AndroidManifest.xml:52:25-76
intent-filter#android.net.conn.CONNECTIVITY_CHANGE
ADDED from library\UMLibrary\AndroidManifest.xml:54:13-56:29
action#android.net.conn.CONNECTIVITY_CHANGE
ADDED from library\UMLibrary\AndroidManifest.xml:55:17-79
	android:name
		ADDED from library\UMLibrary\AndroidManifest.xml:55:25-76
intent-filter#android.intent.action.PACKAGE_REMOVED
ADDED from library\UMLibrary\AndroidManifest.xml:57:13-60:29
action#android.intent.action.PACKAGE_REMOVED
ADDED from library\UMLibrary\AndroidManifest.xml:58:17-80
	android:name
		ADDED from library\UMLibrary\AndroidManifest.xml:58:25-77
data
ADDED from library\UMLibrary\AndroidManifest.xml:59:17-50
	android:scheme
		ADDED from library\UMLibrary\AndroidManifest.xml:59:23-47
intent-filter#android.intent.action.USER_PRESENT
ADDED from library\UMLibrary\AndroidManifest.xml:61:13-63:29
action#android.intent.action.USER_PRESENT
ADDED from library\UMLibrary\AndroidManifest.xml:62:17-77
	android:name
		ADDED from library\UMLibrary\AndroidManifest.xml:62:25-74
receiver#com.taobao.accs.ServiceReceiver
ADDED from library\UMLibrary\AndroidManifest.xml:66:9-75:20
	android:process
		ADDED from library\UMLibrary\AndroidManifest.xml:68:13-39
	android:name
		ADDED from library\UMLibrary\AndroidManifest.xml:67:13-59
intent-filter#com.taobao.accs.intent.action.COMMAND
ADDED from library\UMLibrary\AndroidManifest.xml:69:13-71:29
action#com.taobao.accs.intent.action.COMMAND
ADDED from library\UMLibrary\AndroidManifest.xml:70:17-80
	android:name
		ADDED from library\UMLibrary\AndroidManifest.xml:70:25-77
intent-filter#com.taobao.accs.intent.action.START_FROM_AGOO
ADDED from library\UMLibrary\AndroidManifest.xml:72:13-74:29
action#com.taobao.accs.intent.action.START_FROM_AGOO
ADDED from library\UMLibrary\AndroidManifest.xml:73:17-88
	android:name
		ADDED from library\UMLibrary\AndroidManifest.xml:73:25-85
service#com.taobao.accs.ChannelService$KernelService
ADDED from library\UMLibrary\AndroidManifest.xml:77:9-79:42
	android:process
		ADDED from library\UMLibrary\AndroidManifest.xml:79:13-39
	android:name
		ADDED from library\UMLibrary\AndroidManifest.xml:78:13-72
service#org.android.agoo.accs.AgooService
ADDED from library\UMLibrary\AndroidManifest.xml:81:9-87:19
	android:exported
		ADDED from library\UMLibrary\AndroidManifest.xml:83:13-36
	android:name
		ADDED from library\UMLibrary\AndroidManifest.xml:82:13-61
service#com.umeng.message.UmengIntentService
ADDED from library\UMLibrary\AndroidManifest.xml:89:9-96:19
	android:process
		ADDED from library\UMLibrary\AndroidManifest.xml:92:13-39
	android:exported
		ADDED from library\UMLibrary\AndroidManifest.xml:91:13-36
	android:name
		ADDED from library\UMLibrary\AndroidManifest.xml:90:13-64
intent-filter#org.agoo.android.intent.action.RECEIVE
ADDED from library\UMLibrary\AndroidManifest.xml:93:13-95:29
action#org.agoo.android.intent.action.RECEIVE
ADDED from library\UMLibrary\AndroidManifest.xml:94:17-81
	android:name
		ADDED from library\UMLibrary\AndroidManifest.xml:94:25-78
service#com.umeng.message.XiaomiIntentService
ADDED from library\UMLibrary\AndroidManifest.xml:98:9-105:19
	android:process
		ADDED from library\UMLibrary\AndroidManifest.xml:101:13-39
	android:exported
		ADDED from library\UMLibrary\AndroidManifest.xml:100:13-36
	android:name
		ADDED from library\UMLibrary\AndroidManifest.xml:99:13-65
receiver#com.taobao.agoo.AgooCommondReceiver
ADDED from library\UMLibrary\AndroidManifest.xml:107:9-118:20
	android:process
		ADDED from library\UMLibrary\AndroidManifest.xml:110:13-39
	android:exported
		ADDED from library\UMLibrary\AndroidManifest.xml:109:13-36
	android:name
		ADDED from library\UMLibrary\AndroidManifest.xml:108:13-63
intent-filter#com.umeng.soexample.intent.action.COMMAND
ADDED from library\UMLibrary\AndroidManifest.xml:111:13-113:29
action#com.umeng.soexample.intent.action.COMMAND
ADDED from library\UMLibrary\AndroidManifest.xml:112:17-84
	android:name
		ADDED from library\UMLibrary\AndroidManifest.xml:112:25-81
service#com.umeng.message.UmengMessageIntentReceiverService
ADDED from library\UMLibrary\AndroidManifest.xml:120:9-127:19
	android:process
		ADDED from library\UMLibrary\AndroidManifest.xml:123:13-39
	android:exported
		ADDED from library\UMLibrary\AndroidManifest.xml:122:13-36
	android:name
		ADDED from library\UMLibrary\AndroidManifest.xml:121:13-79
intent-filter#org.android.agoo.client.MessageReceiverService
ADDED from library\UMLibrary\AndroidManifest.xml:124:13-126:29
action#org.android.agoo.client.MessageReceiverService
ADDED from library\UMLibrary\AndroidManifest.xml:125:17-89
	android:name
		ADDED from library\UMLibrary\AndroidManifest.xml:125:25-86
receiver#com.umeng.message.NotificationProxyBroadcastReceiver
ADDED from library\UMLibrary\AndroidManifest.xml:129:9-131:40
	android:exported
		ADDED from library\UMLibrary\AndroidManifest.xml:131:13-37
	android:name
		ADDED from library\UMLibrary\AndroidManifest.xml:130:13-80
service#com.umeng.message.UmengMessageCallbackHandlerService
ADDED from library\UMLibrary\AndroidManifest.xml:133:9-151:19
	android:exported
		ADDED from library\UMLibrary\AndroidManifest.xml:135:13-37
	android:name
		ADDED from library\UMLibrary\AndroidManifest.xml:134:13-80
intent-filter#com.umeng.messge.registercallback.action
ADDED from library\UMLibrary\AndroidManifest.xml:136:13-138:29
action#com.umeng.messge.registercallback.action
ADDED from library\UMLibrary\AndroidManifest.xml:137:17-83
	android:name
		ADDED from library\UMLibrary\AndroidManifest.xml:137:25-80
intent-filter#com.umeng.message.enablecallback.action
ADDED from library\UMLibrary\AndroidManifest.xml:139:13-141:29
action#com.umeng.message.enablecallback.action
ADDED from library\UMLibrary\AndroidManifest.xml:140:17-82
	android:name
		ADDED from library\UMLibrary\AndroidManifest.xml:140:25-79
intent-filter#com.umeng.message.disablecallback.action
ADDED from library\UMLibrary\AndroidManifest.xml:142:13-144:29
action#com.umeng.message.disablecallback.action
ADDED from library\UMLibrary\AndroidManifest.xml:143:17-83
	android:name
		ADDED from library\UMLibrary\AndroidManifest.xml:143:25-80
intent-filter#com.umeng.message.message.handler.action
ADDED from library\UMLibrary\AndroidManifest.xml:145:13-147:29
action#com.umeng.message.message.handler.action
ADDED from library\UMLibrary\AndroidManifest.xml:146:17-83
	android:name
		ADDED from library\UMLibrary\AndroidManifest.xml:146:25-80
intent-filter#com.umeng.message.message.sendmessage.action
ADDED from library\UMLibrary\AndroidManifest.xml:148:13-150:29
action#com.umeng.message.message.sendmessage.action
ADDED from library\UMLibrary\AndroidManifest.xml:149:17-87
	android:name
		ADDED from library\UMLibrary\AndroidManifest.xml:149:25-84
service#com.umeng.message.UmengDownloadResourceService
ADDED from library\UMLibrary\AndroidManifest.xml:153:9-155:40
	android:exported
		ADDED from library\UMLibrary\AndroidManifest.xml:155:13-37
	android:name
		ADDED from library\UMLibrary\AndroidManifest.xml:154:13-74
provider#com.umeng.message.provider.MessageProvider
ADDED from library\UMLibrary\AndroidManifest.xml:157:9-162:20
	android:authorities
		ADDED from library\UMLibrary\AndroidManifest.xml:159:13-68
	android:exported
		ADDED from library\UMLibrary\AndroidManifest.xml:160:13-37
	android:name
		ADDED from library\UMLibrary\AndroidManifest.xml:158:13-70
grant-uri-permission
ADDED from library\UMLibrary\AndroidManifest.xml:161:13-62
	android:pathPattern
		ADDED from library\UMLibrary\AndroidManifest.xml:161:35-59
uses-sdk
INJECTED from library\UMLibrary\AndroidManifest.xml reason: use-sdk injection requested
INJECTED from library\UMLibrary\AndroidManifest.xml
INJECTED from library\UMLibrary\AndroidManifest.xml
INJECTED from library\UMLibrary\AndroidManifest.xml
INJECTED from library\UMLibrary\AndroidManifest.xml
	android:targetSdkVersion
		INJECTED from library\UMLibrary\AndroidManifest.xml
		ADDED from library\UMLibrary\AndroidManifest.xml
		INJECTED from library\UMLibrary\AndroidManifest.xml
	android:minSdkVersion
		INJECTED from library\UMLibrary\AndroidManifest.xml
		ADDED from library\UMLibrary\AndroidManifest.xml
		INJECTED from library\UMLibrary\AndroidManifest.xml